# JRE version: OpenJDK Runtime Environment (11.0.12+7) (build 11.0.12+7-b1504.28-7817840)
# Java VM: OpenJDK 64-Bit Server VM (11.0.12+7-b1504.28-7817840, mixed mode, tiered, compressed oops, g1 gc, windows-amd64)
Heap:
 garbage-first heap   total 260096K, used 134903K [0x0000000080000000, 0x0000000100000000)
  region size 1024K, 81 young (82944K), 7 survivors (7168K)
 Metaspace       used 77513K, capacity 79315K, committed 79532K, reserved 1118208K
  class space    used 10212K, capacity 10901K, committed 11008K, reserved 1048576K
GC Heap History (20 events):
Event: 1.312 GC heap before
{Heap before GC invocations=0 (full 0):
 garbage-first heap   total 260096K, used 30720K [0x0000000080000000, 0x0000000100000000)
  region size 1024K, 24 young (24576K), 0 survivors (0K)
 Metaspace       used 9862K, capacity 10118K, committed 10368K, reserved 1058816K
  class space    used 1027K, capacity 1102K, committed 1152K, reserved 1048576K
}
Event: 1.317 GC heap after
{Heap after GC invocations=1 (full 0):
 garbage-first heap   total 260096K, used 9625K [0x0000000080000000, 0x0000000100000000)
  region size 1024K, 3 young (3072K), 3 survivors (3072K)
 Metaspace       used 9862K, capacity 10118K, committed 10368K, reserved 1058816K
  class space    used 1027K, capacity 1102K, committed 1152K, reserved 1048576K
}
Event: 3.913 GC heap before
{Heap before GC invocations=1 (full 0):
 garbage-first heap   total 260096K, used 112025K [0x0000000080000000, 0x0000000100000000)
  region size 1024K, 104 young (106496K), 3 survivors (3072K)
 Metaspace       used 20717K, capacity 21138K, committed 21248K, reserved 1067008K
  class space    used 2551K, capacity 2711K, committed 2816K, reserved 1048576K
}
Event: 3.925 GC heap after
{Heap after GC invocations=2 (full 0):
 garbage-first heap   total 260096K, used 16605K [0x0000000080000000, 0x0000000100000000)
  region size 1024K, 10 young (10240K), 10 survivors (10240K)
 Metaspace       used 20717K, capacity 21138K, committed 21248K, reserved 1067008K
  class space    used 2551K, capacity 2711K, committed 2816K, reserved 1048576K
}
Event: 4.167 GC heap before
{Heap before GC invocations=3 (full 0):
 garbage-first heap   total 260096K, used 31965K [0x0000000080000000, 0x0000000100000000)
  region size 1024K, 26 young (26624K), 10 survivors (10240K)
 Metaspace       used 22569K, capacity 23010K, committed 23296K, reserved 1069056K
  class space    used 2840K, capacity 3000K, committed 3072K, reserved 1048576K
}
Event: 4.175 GC heap after
{Heap after GC invocations=4 (full 0):
 garbage-first heap   total 260096K, used 17603K [0x0000000080000000, 0x0000000100000000)
  region size 1024K, 2 young (2048K), 2 survivors (2048K)
 Metaspace       used 22569K, capacity 23010K, committed 23296K, reserved 1069056K
  class space    used 2840K, capacity 3000K, committed 3072K, reserved 1048576K
}
Event: 5.201 GC heap before
{Heap before GC invocations=4 (full 0):
 garbage-first heap   total 260096K, used 89283K [0x0000000080000000, 0x0000000100000000)
  region size 1024K, 72 young (73728K), 2 survivors (2048K)
 Metaspace       used 29375K, capacity 30065K, committed 30336K, reserved 1075200K
  class space    used 3919K, capacity 4166K, committed 4224K, reserved 1048576K
}
Event: 5.205 GC heap after
{Heap after GC invocations=5 (full 0):
 garbage-first heap   total 260096K, used 19594K [0x0000000080000000, 0x0000000100000000)
  region size 1024K, 4 young (4096K), 4 survivors (4096K)
 Metaspace       used 29375K, capacity 30065K, committed 30336K, reserved 1075200K
  class space    used 3919K, capacity 4166K, committed 4224K, reserved 1048576K
}
Event: 5.658 GC heap before
{Heap before GC invocations=5 (full 0):
 garbage-first heap   total 260096K, used 43146K [0x0000000080000000, 0x0000000100000000)
  region size 1024K, 29 young (29696K), 4 survivors (4096K)
 Metaspace       used 34898K, capacity 35722K, committed 35840K, reserved 1081344K
  class space    used 4531K, capacity 4839K, committed 4864K, reserved 1048576K
}
Event: 5.666 GC heap after
{Heap after GC invocations=6 (full 0):
 garbage-first heap   total 260096K, used 21983K [0x0000000080000000, 0x0000000100000000)
  region size 1024K, 6 young (6144K), 6 survivors (6144K)
 Metaspace       used 34898K, capacity 35722K, committed 35840K, reserved 1081344K
  class space    used 4531K, capacity 4839K, committed 4864K, reserved 1048576K
}
Event: 7.841 GC heap before
{Heap before GC invocations=7 (full 0):
 garbage-first heap   total 260096K, used 153055K [0x0000000080000000, 0x0000000100000000)
  region size 1024K, 131 young (134144K), 6 survivors (6144K)
 Metaspace       used 45404K, capacity 46551K, committed 46720K, reserved 1089536K
  class space    used 5856K, capacity 6239K, committed 6272K, reserved 1048576K
}
Event: 7.855 GC heap after
{Heap after GC invocations=8 (full 0):
 garbage-first heap   total 260096K, used 29562K [0x0000000080000000, 0x0000000100000000)
  region size 1024K, 13 young (13312K), 13 survivors (13312K)
 Metaspace       used 45404K, capacity 46551K, committed 46720K, reserved 1089536K
  class space    used 5856K, capacity 6239K, committed 6272K, reserved 1048576K
}
Event: 10.443 GC heap before
{Heap before GC invocations=8 (full 0):
 garbage-first heap   total 260096K, used 172922K [0x0000000080000000, 0x0000000100000000)
  region size 1024K, 150 young (153600K), 13 survivors (13312K)
 Metaspace       used 55186K, capacity 56657K, committed 56832K, reserved 1097728K
  class space    used 7064K, capacity 7586K, committed 7680K, reserved 1048576K
}
Event: 10.461 GC heap after
{Heap after GC invocations=9 (full 0):
 garbage-first heap   total 260096K, used 45223K [0x0000000080000000, 0x0000000100000000)
  region size 1024K, 19 young (19456K), 19 survivors (19456K)
 Metaspace       used 55186K, capacity 56657K, committed 56832K, reserved 1097728K
  class space    used 7064K, capacity 7586K, committed 7680K, reserved 1048576K
}
Event: 11.126 GC heap before
{Heap before GC invocations=9 (full 0):
 garbage-first heap   total 260096K, used 65703K [0x0000000080000000, 0x0000000100000000)
  region size 1024K, 40 young (40960K), 19 survivors (19456K)
 Metaspace       used 58334K, capacity 59765K, committed 59948K, reserved 1101824K
  class space    used 7445K, capacity 7979K, committed 8064K, reserved 1048576K
}
Event: 11.156 GC heap after
{Heap after GC invocations=10 (full 0):
 garbage-first heap   total 260096K, used 48215K [0x0000000080000000, 0x0000000100000000)
  region size 1024K, 3 young (3072K), 3 survivors (3072K)
 Metaspace       used 58334K, capacity 59765K, committed 59948K, reserved 1101824K
  class space    used 7445K, capacity 7979K, committed 8064K, reserved 1048576K
}
Event: 13.101 GC heap before
{Heap before GC invocations=11 (full 0):
 garbage-first heap   total 260096K, used 140375K [0x0000000080000000, 0x0000000100000000)
  region size 1024K, 93 young (95232K), 3 survivors (3072K)
 Metaspace       used 65475K, capacity 67067K, committed 67372K, reserved 1107968K
  class space    used 8374K, capacity 8967K, committed 9088K, reserved 1048576K
}
Event: 13.115 GC heap after
{Heap after GC invocations=12 (full 0):
 garbage-first heap   total 260096K, used 53719K [0x0000000080000000, 0x0000000100000000)
  region size 1024K, 9 young (9216K), 9 survivors (9216K)
 Metaspace       used 65475K, capacity 67067K, committed 67372K, reserved 1107968K
  class space    used 8374K, capacity 8967K, committed 9088K, reserved 1048576K
}
Event: 14.953 GC heap before
{Heap before GC invocations=13 (full 0):
 garbage-first heap   total 260096K, used 150999K [0x0000000080000000, 0x0000000100000000)
  region size 1024K, 104 young (106496K), 9 survivors (9216K)
 Metaspace       used 71479K, capacity 73208K, committed 73388K, reserved 1112064K
  class space    used 9335K, capacity 9918K, committed 9984K, reserved 1048576K
}
Event: 14.968 GC heap after
{Heap after GC invocations=14 (full 0):
 garbage-first heap   total 260096K, used 60151K [0x0000000080000000, 0x0000000100000000)
  region size 1024K, 7 young (7168K), 7 survivors (7168K)
 Metaspace       used 71479K, capacity 73208K, committed 73388K, reserved 1112064K
  class space    used 9335K, capacity 9918K, committed 9984K, reserved 1048576K
}

